<?xml version="1.0" encoding="UTF-8"?>
<!-- Generated by org.testng.reporters.JUnitXMLReporter -->
<testsuite ignored="0" hostname="Katwolf" failures="0" tests="5" name="sample test" time="55.425" errors="0" timestamp="2023-08-19T11:29:56 ICT">
  <testcase classname="testcases.CartManagementTest" name="TC_02_01" time="1.519"/>
  <testcase classname="testcases.CartManagementTest" name="TC_02_02" time="0.339"/>
  <testcase classname="testcases.CartManagementTest" name="TC_02_03" time="2.48"/>
  <testcase classname="testcases.CartManagementTest" name="TC_02_04" time="0.292"/>
  <testcase classname="testcases.CartManagementTest" name="TC_02_05" time="1.889"/>
</testsuite> <!-- sample test -->
