<?xml version="1.0" encoding="UTF-8"?>
<!-- Generated by org.testng.reporters.JUnitXMLReporter -->
<testsuite ignored="0" hostname="Katwolf" failures="0" tests="34" name="Default test" time="0.244" errors="0" timestamp="2023-08-19T11:05:51 ICT">
  <testcase classname="bases.BaseSetup" name="@BeforeClass initializeTestBaseSetup" time="-1.692417951083E9">
    <failure type="org.testng.TestNGException" message="
Parameter &amp;apos;browserType&amp;apos; is required by BeforeClass on method initializeTestBaseSetup but has not been marked @Optional or defined
in C:\Users\Storm\AppData\Local\Temp\testng-eclipse-1193050409\testng-customsuite.xml">
      <![CDATA[org.testng.TestNGException: 
Parameter 'browserType' is required by BeforeClass on method initializeTestBaseSetup but has not been marked @Optional or defined
in C:\Users\Storm\AppData\Local\Temp\testng-eclipse-1193050409\testng-customsuite.xml
at org.testng.internal.Parameters.createParams(Parameters.java:270)
at org.testng.internal.Parameters.createParametersForMethod(Parameters.java:358)
at org.testng.internal.Parameters.createParameters(Parameters.java:700)
at org.testng.internal.Parameters.createConfigurationParameters(Parameters.java:168)
at org.testng.internal.ConfigInvoker.invokeConfigurations(ConfigInvoker.java:302)
at org.testng.internal.TestMethodWorker.invokeBeforeClassMethods(TestMethodWorker.java:176)
at org.testng.internal.TestMethodWorker.run(TestMethodWorker.java:122)
at java.base/java.util.ArrayList.forEach(ArrayList.java:1511)
at org.testng.TestRunner.privateRun(TestRunner.java:794)
at org.testng.TestRunner.run(TestRunner.java:596)
at org.testng.SuiteRunner.runTest(SuiteRunner.java:377)
at org.testng.SuiteRunner.runSequentially(SuiteRunner.java:371)
at org.testng.SuiteRunner.privateRun(SuiteRunner.java:332)
at org.testng.SuiteRunner.run(SuiteRunner.java:276)
at org.testng.SuiteRunnerWorker.runSuite(SuiteRunnerWorker.java:53)
at org.testng.SuiteRunnerWorker.run(SuiteRunnerWorker.java:96)
at org.testng.TestNG.runSuitesSequentially(TestNG.java:1212)
at org.testng.TestNG.runSuitesLocally(TestNG.java:1134)
at org.testng.TestNG.runSuites(TestNG.java:1063)
at org.testng.TestNG.run(TestNG.java:1031)
at org.testng.remote.AbstractRemoteTestNG.run(AbstractRemoteTestNG.java:115)
at org.testng.remote.RemoteTestNG.initAndRun(RemoteTestNG.java:251)
at org.testng.remote.RemoteTestNG.main(RemoteTestNG.java:77)
]]>
    </failure>
  </testcase> <!-- @BeforeClass initializeTestBaseSetup -->
  <testcase classname="testcases.RegistrationTest" name="@BeforeClass setUp" time="-1.6924179511E9">
    <skipped/>
  </testcase> <!-- @BeforeClass setUp -->
  <testcase classname="testcases.RegistrationTest" name="@BeforeMethod setUpBeforeTest" time="-1.692417951127E9">
    <skipped/>
  </testcase> <!-- @BeforeMethod setUpBeforeTest -->
  <testcase classname="testcases.RegistrationTest" name="@BeforeMethod setUpBeforeTest" time="-1.692417951138E9">
    <skipped/>
  </testcase> <!-- @BeforeMethod setUpBeforeTest -->
  <testcase classname="testcases.RegistrationTest" name="@BeforeMethod setUpBeforeTest" time="-1.692417951145E9">
    <skipped/>
  </testcase> <!-- @BeforeMethod setUpBeforeTest -->
  <testcase classname="testcases.RegistrationTest" name="@BeforeMethod setUpBeforeTest" time="-1.692417951152E9">
    <skipped/>
  </testcase> <!-- @BeforeMethod setUpBeforeTest -->
  <testcase classname="testcases.RegistrationTest" name="@BeforeMethod setUpBeforeTest" time="-1.692417951157E9">
    <skipped/>
  </testcase> <!-- @BeforeMethod setUpBeforeTest -->
  <testcase classname="testcases.RegistrationTest" name="@BeforeMethod setUpBeforeTest" time="-1.692417951163E9">
    <skipped/>
  </testcase> <!-- @BeforeMethod setUpBeforeTest -->
  <testcase classname="testcases.RegistrationTest" name="@BeforeMethod setUpBeforeTest" time="-1.692417951169E9">
    <skipped/>
  </testcase> <!-- @BeforeMethod setUpBeforeTest -->
  <testcase classname="testcases.RegistrationTest" name="@BeforeMethod setUpBeforeTest" time="-1.692417951176E9">
    <skipped/>
  </testcase> <!-- @BeforeMethod setUpBeforeTest -->
  <testcase classname="testcases.RegistrationTest" name="@BeforeMethod setUpBeforeTest" time="-1.69241795118E9">
    <skipped/>
  </testcase> <!-- @BeforeMethod setUpBeforeTest -->
  <testcase classname="testcases.RegistrationTest" name="@BeforeMethod setUpBeforeTest" time="-1.692417951186E9">
    <skipped/>
  </testcase> <!-- @BeforeMethod setUpBeforeTest -->
  <testcase classname="testcases.RegistrationTest" name="@BeforeMethod setUpBeforeTest" time="-1.692417951191E9">
    <skipped/>
  </testcase> <!-- @BeforeMethod setUpBeforeTest -->
  <testcase classname="testcases.RegistrationTest" name="@BeforeMethod setUpBeforeTest" time="-1.692417951195E9">
    <skipped/>
  </testcase> <!-- @BeforeMethod setUpBeforeTest -->
  <testcase classname="testcases.RegistrationTest" name="@BeforeMethod setUpBeforeTest" time="-1.692417951199E9">
    <skipped/>
  </testcase> <!-- @BeforeMethod setUpBeforeTest -->
  <testcase classname="testcases.RegistrationTest" name="@BeforeMethod setUpBeforeTest" time="-1.692417951204E9">
    <skipped/>
  </testcase> <!-- @BeforeMethod setUpBeforeTest -->
  <testcase classname="testcases.RegistrationTest" name="@BeforeMethod setUpBeforeTest" time="-1.692417951208E9">
    <skipped/>
  </testcase> <!-- @BeforeMethod setUpBeforeTest -->
  <testcase classname="testcases.RegistrationTest" name="@BeforeMethod setUpBeforeTest" time="-1.692417951212E9">
    <skipped/>
  </testcase> <!-- @BeforeMethod setUpBeforeTest -->
  <testcase classname="testcases.RegistrationTest" name="@BeforeMethod setUpBeforeTest" time="-1.692417951216E9">
    <skipped/>
  </testcase> <!-- @BeforeMethod setUpBeforeTest -->
  <testcase classname="testcases.RegistrationTest" name="@BeforeMethod setUpBeforeTest" time="-1.69241795122E9">
    <skipped/>
  </testcase> <!-- @BeforeMethod setUpBeforeTest -->
  <testcase classname="testcases.RegistrationTest" name="@BeforeMethod setUpBeforeTest" time="-1.692417951225E9">
    <skipped/>
  </testcase> <!-- @BeforeMethod setUpBeforeTest -->
  <testcase classname="testcases.RegistrationTest" name="@BeforeMethod setUpBeforeTest" time="-1.692417951229E9">
    <skipped/>
  </testcase> <!-- @BeforeMethod setUpBeforeTest -->
  <testcase classname="testcases.RegistrationTest" name="@BeforeMethod setUpBeforeTest" time="-1.692417951233E9">
    <skipped/>
  </testcase> <!-- @BeforeMethod setUpBeforeTest -->
  <testcase classname="testcases.RegistrationTest" name="@BeforeMethod setUpBeforeTest" time="-1.692417951236E9">
    <skipped/>
  </testcase> <!-- @BeforeMethod setUpBeforeTest -->
  <testcase classname="testcases.RegistrationTest" name="@BeforeMethod setUpBeforeTest" time="-1.692417951239E9">
    <skipped/>
  </testcase> <!-- @BeforeMethod setUpBeforeTest -->
  <testcase classname="testcases.RegistrationTest" name="@BeforeMethod setUpBeforeTest" time="-1.692417951243E9">
    <skipped/>
  </testcase> <!-- @BeforeMethod setUpBeforeTest -->
  <testcase classname="testcases.RegistrationTest" name="@BeforeMethod setUpBeforeTest" time="-1.692417951246E9">
    <skipped/>
  </testcase> <!-- @BeforeMethod setUpBeforeTest -->
  <testcase classname="testcases.RegistrationTest" name="@BeforeMethod setUpBeforeTest" time="-1.692417951249E9">
    <skipped/>
  </testcase> <!-- @BeforeMethod setUpBeforeTest -->
  <testcase classname="testcases.RegistrationTest" name="@BeforeMethod setUpBeforeTest" time="-1.692417951253E9">
    <skipped/>
  </testcase> <!-- @BeforeMethod setUpBeforeTest -->
  <testcase classname="testcases.RegistrationTest" name="@BeforeMethod setUpBeforeTest" time="-1.692417951257E9">
    <skipped/>
  </testcase> <!-- @BeforeMethod setUpBeforeTest -->
  <testcase classname="testcases.RegistrationTest" name="@BeforeMethod setUpBeforeTest" time="-1.69241795126E9">
    <skipped/>
  </testcase> <!-- @BeforeMethod setUpBeforeTest -->
  <testcase classname="testcases.RegistrationTest" name="@BeforeMethod setUpBeforeTest" time="-1.692417951263E9">
    <skipped/>
  </testcase> <!-- @BeforeMethod setUpBeforeTest -->
  <testcase classname="testcases.RegistrationTest" name="@BeforeMethod setUpBeforeTest" time="-1.692417951268E9">
    <skipped/>
  </testcase> <!-- @BeforeMethod setUpBeforeTest -->
  <testcase classname="testcases.RegistrationTest" name="@BeforeMethod setUpBeforeTest" time="-1.69241795127E9">
    <skipped/>
  </testcase> <!-- @BeforeMethod setUpBeforeTest -->
  <testcase classname="testcases.RegistrationTest" name="@BeforeMethod setUpBeforeTest" time="-1.692417951274E9">
    <skipped/>
  </testcase> <!-- @BeforeMethod setUpBeforeTest -->
  <testcase classname="testcases.RegistrationTest" name="@BeforeMethod setUpBeforeTest" time="-1.692417951278E9">
    <skipped/>
  </testcase> <!-- @BeforeMethod setUpBeforeTest -->
  <testcase classname="bases.BaseSetup" name="@AfterClass tearDown" time="-1.692417951283E9">
    <skipped/>
  </testcase> <!-- @AfterClass tearDown -->
  <testcase classname="testcases.RegistrationTest" name="TC_01_01" time="0.0">
    <skipped/>
  </testcase> <!-- TC_01_01 -->
  <testcase classname="testcases.RegistrationTest" name="TC_01_02" time="0.0">
    <skipped/>
  </testcase> <!-- TC_01_02 -->
  <testcase classname="testcases.RegistrationTest" name="TC_01_03" time="0.0">
    <skipped/>
  </testcase> <!-- TC_01_03 -->
  <testcase classname="testcases.RegistrationTest" name="TC_01_04" time="0.0">
    <skipped/>
  </testcase> <!-- TC_01_04 -->
  <testcase classname="testcases.RegistrationTest" name="TC_01_05" time="0.0">
    <skipped/>
  </testcase> <!-- TC_01_05 -->
  <testcase classname="testcases.RegistrationTest" name="TC_01_06" time="0.0">
    <skipped/>
  </testcase> <!-- TC_01_06 -->
  <testcase classname="testcases.RegistrationTest" name="TC_01_07" time="0.0">
    <skipped/>
  </testcase> <!-- TC_01_07 -->
  <testcase classname="testcases.RegistrationTest" name="TC_01_08" time="0.0">
    <skipped/>
  </testcase> <!-- TC_01_08 -->
  <testcase classname="testcases.RegistrationTest" name="TC_01_09" time="0.0">
    <skipped/>
  </testcase> <!-- TC_01_09 -->
  <testcase classname="testcases.RegistrationTest" name="TC_01_10" time="0.0">
    <skipped/>
  </testcase> <!-- TC_01_10 -->
  <testcase classname="testcases.RegistrationTest" name="TC_01_11" time="0.0">
    <skipped/>
  </testcase> <!-- TC_01_11 -->
  <testcase classname="testcases.RegistrationTest" name="TC_01_12" time="0.0">
    <skipped/>
  </testcase> <!-- TC_01_12 -->
  <testcase classname="testcases.RegistrationTest" name="TC_01_13" time="0.0">
    <skipped/>
  </testcase> <!-- TC_01_13 -->
  <testcase classname="testcases.RegistrationTest" name="TC_01_14" time="0.0">
    <skipped/>
  </testcase> <!-- TC_01_14 -->
  <testcase classname="testcases.RegistrationTest" name="TC_01_15" time="0.0">
    <skipped/>
  </testcase> <!-- TC_01_15 -->
  <testcase classname="testcases.RegistrationTest" name="TC_01_16" time="0.0">
    <skipped/>
  </testcase> <!-- TC_01_16 -->
  <testcase classname="testcases.RegistrationTest" name="TC_01_17" time="0.0">
    <skipped/>
  </testcase> <!-- TC_01_17 -->
  <testcase classname="testcases.RegistrationTest" name="TC_01_18" time="0.0">
    <skipped/>
  </testcase> <!-- TC_01_18 -->
  <testcase classname="testcases.RegistrationTest" name="TC_01_19" time="0.0">
    <skipped/>
  </testcase> <!-- TC_01_19 -->
  <testcase classname="testcases.RegistrationTest" name="TC_01_20" time="0.0">
    <skipped/>
  </testcase> <!-- TC_01_20 -->
  <testcase classname="testcases.RegistrationTest" name="TC_01_21" time="0.0">
    <skipped/>
  </testcase> <!-- TC_01_21 -->
  <testcase classname="testcases.RegistrationTest" name="TC_01_22" time="0.0">
    <skipped/>
  </testcase> <!-- TC_01_22 -->
  <testcase classname="testcases.RegistrationTest" name="TC_01_23" time="0.0">
    <skipped/>
  </testcase> <!-- TC_01_23 -->
  <testcase classname="testcases.RegistrationTest" name="TC_01_24" time="0.0">
    <skipped/>
  </testcase> <!-- TC_01_24 -->
  <testcase classname="testcases.RegistrationTest" name="TC_01_25" time="0.0">
    <skipped/>
  </testcase> <!-- TC_01_25 -->
  <testcase classname="testcases.RegistrationTest" name="TC_01_26" time="0.0">
    <skipped/>
  </testcase> <!-- TC_01_26 -->
  <testcase classname="testcases.RegistrationTest" name="TC_01_27" time="0.0">
    <skipped/>
  </testcase> <!-- TC_01_27 -->
  <testcase classname="testcases.RegistrationTest" name="TC_01_28" time="0.0">
    <skipped/>
  </testcase> <!-- TC_01_28 -->
  <testcase classname="testcases.RegistrationTest" name="TC_01_29" time="0.0">
    <skipped/>
  </testcase> <!-- TC_01_29 -->
  <testcase classname="testcases.RegistrationTest" name="TC_01_30" time="0.0">
    <skipped/>
  </testcase> <!-- TC_01_30 -->
  <testcase classname="testcases.RegistrationTest" name="TC_01_31" time="0.0">
    <skipped/>
  </testcase> <!-- TC_01_31 -->
  <testcase classname="testcases.RegistrationTest" name="TC_01_32" time="0.0">
    <skipped/>
  </testcase> <!-- TC_01_32 -->
  <testcase classname="testcases.RegistrationTest" name="TC_01_33" time="0.0">
    <skipped/>
  </testcase> <!-- TC_01_33 -->
  <testcase classname="testcases.RegistrationTest" name="TC_01_34" time="0.0">
    <skipped/>
  </testcase> <!-- TC_01_34 -->
</testsuite> <!-- Default test -->
