<?xml version="1.0" encoding="UTF-8"?>
<testng-results ignored="0" total="5" passed="5" failed="0" skipped="0">
  <reporter-output>
  </reporter-output>
  <suite started-at="2023-08-19T11:29:01 ICT" name="Page Object test example" finished-at="2023-08-19T11:29:56 ICT" duration-ms="55425">
    <groups>
    </groups>
    <test started-at="2023-08-19T11:29:01 ICT" name="sample test" finished-at="2023-08-19T11:29:56 ICT" duration-ms="55425">
      <class name="testcases.CartManagementTest">
        <test-method is-config="true" signature="initializeTestBaseSetup(java.lang.String,java.lang.String)[pri:0, instance:testcases.CartManagementTest@63376bed]" started-at="2023-08-19T11:29:02 ICT" name="initializeTestBaseSetup" finished-at="2023-08-19T11:29:29 ICT" duration-ms="27154" status="PASS">
          <params>
            <param index="0">
              <value>
                <![CDATA[chrome]]>
              </value>
            </param>
            <param index="1">
              <value>
                <![CDATA[https://www.anphatpc.com.vn]]>
              </value>
            </param>
          </params>
          <reporter-output>
          </reporter-output>
        </test-method> <!-- initializeTestBaseSetup -->
        <test-method is-config="true" signature="setUp(java.lang.String)[pri:0, instance:testcases.CartManagementTest@63376bed]" started-at="2023-08-19T11:29:29 ICT" name="setUp" finished-at="2023-08-19T11:29:43 ICT" duration-ms="13809" status="PASS">
          <params>
            <param index="0">
              <value>
                <![CDATA[https://www.anphatpc.com.vn]]>
              </value>
            </param>
          </params>
          <reporter-output>
          </reporter-output>
        </test-method> <!-- setUp -->
        <test-method signature="TC_02_01()[pri:0, instance:testcases.CartManagementTest@63376bed]" started-at="2023-08-19T11:29:43 ICT" name="TC_02_01" finished-at="2023-08-19T11:29:44 ICT" duration-ms="1519" status="PASS">
          <reporter-output>
          </reporter-output>
        </test-method> <!-- TC_02_01 -->
        <test-method signature="TC_02_02()[pri:0, instance:testcases.CartManagementTest@63376bed]" started-at="2023-08-19T11:29:46 ICT" name="TC_02_02" finished-at="2023-08-19T11:29:47 ICT" duration-ms="339" status="PASS">
          <reporter-output>
          </reporter-output>
        </test-method> <!-- TC_02_02 -->
        <test-method signature="TC_02_03()[pri:0, instance:testcases.CartManagementTest@63376bed]" started-at="2023-08-19T11:29:48 ICT" name="TC_02_03" finished-at="2023-08-19T11:29:50 ICT" duration-ms="2480" status="PASS">
          <reporter-output>
          </reporter-output>
        </test-method> <!-- TC_02_03 -->
        <test-method signature="TC_02_04()[pri:0, instance:testcases.CartManagementTest@63376bed]" started-at="2023-08-19T11:29:51 ICT" name="TC_02_04" finished-at="2023-08-19T11:29:51 ICT" duration-ms="292" status="PASS">
          <reporter-output>
          </reporter-output>
        </test-method> <!-- TC_02_04 -->
        <test-method signature="TC_02_05()[pri:0, instance:testcases.CartManagementTest@63376bed]" started-at="2023-08-19T11:29:51 ICT" name="TC_02_05" finished-at="2023-08-19T11:29:53 ICT" duration-ms="1889" status="PASS">
          <reporter-output>
          </reporter-output>
        </test-method> <!-- TC_02_05 -->
        <test-method is-config="true" signature="tearDown()[pri:0, instance:testcases.CartManagementTest@63376bed]" started-at="2023-08-19T11:29:54 ICT" name="tearDown" finished-at="2023-08-19T11:29:56 ICT" duration-ms="2337" status="PASS">
          <reporter-output>
          </reporter-output>
        </test-method> <!-- tearDown -->
      </class> <!-- testcases.CartManagementTest -->
    </test> <!-- sample test -->
  </suite> <!-- Page Object test example -->
</testng-results>
